\BOOKMARK [0][-]{part.1}{I Contexto}{}% 1
\BOOKMARK [1][-]{section.1}{Sobre la materia Organizaci\363n de Computadoras}{part.1}% 2
\BOOKMARK [1][-]{section.2}{Conceptos importantes}{part.1}% 3
\BOOKMARK [2][-]{subsection.2.1}{Enfoque de Von Neumann}{section.2}% 4
\BOOKMARK [2][-]{subsection.2.2}{Organizaci\363n de la computadora}{section.2}% 5
\BOOKMARK [2][-]{subsection.2.3}{Ejecuci\363n de un programa}{section.2}% 6
\BOOKMARK [1][-]{section.3}{Estado del arte}{part.1}% 7
\BOOKMARK [1][-]{section.4}{Arquitecturas Q}{part.1}% 8
\BOOKMARK [0][-]{part.2}{II Simulador QSim}{}% 9
\BOOKMARK [1][-]{section.5}{Funcionalidad del simulador}{part.2}% 10
\BOOKMARK [2][-]{subsection.5.1}{Chequeo de sintaxis}{section.5}% 11
\BOOKMARK [2][-]{subsection.5.2}{Ensamblado}{section.5}% 12
\BOOKMARK [2][-]{subsection.5.3}{Cargado en memoria}{section.5}% 13
\BOOKMARK [2][-]{subsection.5.4}{Ejecuci\363n paso a paso}{section.5}% 14
\BOOKMARK [1][-]{section.6}{Implementaci\363n}{part.2}% 15
\BOOKMARK [2][-]{subsection.6.1}{Tecnolog\355a utilizada}{section.6}% 16
\BOOKMARK [2][-]{subsection.6.2}{Dise\361o Orientado a Objetos}{section.6}% 17
\BOOKMARK [3][-]{subsubsection.6.2.1}{ALU}{subsection.6.2}% 18
\BOOKMARK [3][-]{subsubsection.6.2.2}{Bus de entrada y salida, memoria y puertos}{subsection.6.2}% 19
\BOOKMARK [3][-]{subsubsection.6.2.3}{CPU}{subsection.6.2}% 20
\BOOKMARK [3][-]{subsubsection.6.2.4}{Int\351rprete}{subsection.6.2}% 21
\BOOKMARK [3][-]{subsubsection.6.2.5}{Modos de direccionamiento y W16}{subsection.6.2}% 22
\BOOKMARK [0][-]{part.3}{III Evaluaci\363n del desarrollo}{}% 23
\BOOKMARK [1][-]{section.7}{Dificultades encontradas}{part.3}% 24
\BOOKMARK [2][-]{subsection.7.1}{Dificultades presentadas por el dominio}{section.7}% 25
\BOOKMARK [2][-]{subsection.7.2}{Dificultades de dise\361o}{section.7}% 26
\BOOKMARK [1][-]{section.8}{Casos de prueba}{part.3}% 27
\BOOKMARK [2][-]{subsection.8.1}{Chequeo de sintaxis en la distintas Qi}{section.8}% 28
\BOOKMARK [2][-]{subsection.8.2}{Ensamblado}{section.8}% 29
\BOOKMARK [2][-]{subsection.8.3}{Decodificaci\363n}{section.8}% 30
\BOOKMARK [2][-]{subsection.8.4}{Ejecuci\363n}{section.8}% 31
\BOOKMARK [3][-]{subsubsection.8.4.1}{Operaciones de ALU}{subsection.8.4}% 32
\BOOKMARK [3][-]{subsubsection.8.4.2}{B\372squeda de Operandos}{subsection.8.4}% 33
\BOOKMARK [3][-]{subsubsection.8.4.3}{Almacenamiento de Operandos}{subsection.8.4}% 34
\BOOKMARK [1][-]{section.9}{Ejemplos de uso}{part.3}% 35
\BOOKMARK [1][-]{section.10}{Trabajo Futuro}{part.3}% 36
\BOOKMARK [0][-]{part.4}{IV Ap\351ndices}{}% 37
\BOOKMARK [1][-]{appendix.Alph1}{Especificaci\363n de la arquitectura Q}{part.4}% 38
\BOOKMARK [2][-]{subsection.Alph1.1}{Caracter\355sticas generales}{appendix.Alph1}% 39
\BOOKMARK [2][-]{subsection.Alph1.2}{Modos de direccionamiento}{appendix.Alph1}% 40
\BOOKMARK [2][-]{subsection.Alph1.3}{Repertorio de instrucciones}{appendix.Alph1}% 41
\BOOKMARK [3][-]{subsubsection.Alph1.3.1}{Instrucciones de 2 operandos}{subsection.Alph1.3}% 42
\BOOKMARK [3][-]{subsubsection.Alph1.3.2}{Instrucciones de 1 operando origen}{subsection.Alph1.3}% 43
\BOOKMARK [3][-]{subsubsection.Alph1.3.3}{Instrucciones de 1 operando destino}{subsection.Alph1.3}% 44
\BOOKMARK [3][-]{subsubsection.Alph1.3.4}{Instrucciones sin operandos}{subsection.Alph1.3}% 45
\BOOKMARK [3][-]{subsubsection.Alph1.3.5}{Instrucciones de salto condicional \(falta revisar Mara\)}{subsection.Alph1.3}% 46
\BOOKMARK [1][-]{appendix.Alph2}{Como utilizar el simulador}{part.4}% 47
\BOOKMARK [2][-]{subsubsection.Alph2.0.6}{Agregar archivos}{appendix.Alph2}% 48
\BOOKMARK [3][-]{subsubsection.Alph2.0.7}{Ensamblar}{subsubsection.Alph2.0.6}% 49
\BOOKMARK [3][-]{subsubsection.Alph2.0.8}{Cargar en memoria}{subsubsection.Alph2.0.6}% 50
\BOOKMARK [3][-]{subsubsection.Alph2.0.9}{Ciclo de instruccion}{subsubsection.Alph2.0.6}% 51
\BOOKMARK [3][-]{subsubsection.Alph2.0.10}{Ver puertos}{subsubsection.Alph2.0.6}% 52
\BOOKMARK [1][-]{appendix.Alph3}{Repositorios remotos del c\363digo de la aplicaci\363n}{part.4}% 53
\BOOKMARK [2][-]{subsubsection.Alph3.0.11}{C\363digo del modelo}{appendix.Alph3}% 54
\BOOKMARK [3][-]{subsubsection.Alph3.0.12}{C\363digo de la interfaz}{subsubsection.Alph3.0.11}% 55
\BOOKMARK [1][-]{appendix.Alph4}{Errores comunes}{part.4}% 56
